<?xml version="1.0" encoding="UTF-8"?>
<testng-results ignored="0" total="1" passed="1" failed="0" skipped="0">
  <reporter-output>
  </reporter-output>
  <suite started-at="2025-12-09T15:34:26 IST" name="AutomationSuite" finished-at="2025-12-09T15:34:37 IST" duration-ms="11610">
    <groups>
    </groups>
    <test started-at="2025-12-09T15:34:26 IST" name="LoginTest" finished-at="2025-12-09T15:34:37 IST" duration-ms="11610">
      <class name="Tests.LoginTest">
        <test-method is-config="true" signature="setUp(java.lang.String)[pri:0, instance:Tests.LoginTest@62ddbd7e]" started-at="2025-12-09T15:34:26 IST" name="setUp" finished-at="2025-12-09T15:34:34 IST" duration-ms="7880" status="PASS">
          <params>
            <param index="0">
              <value>
                <![CDATA[firefox]]>
              </value>
            </param>
          </params>
          <reporter-output>
          </reporter-output>
        </test-method> <!-- setUp -->
        <test-method signature="TestCase1()[pri:0, instance:Tests.LoginTest@62ddbd7e]" started-at="2025-12-09T15:34:34 IST" name="TestCase1" finished-at="2025-12-09T15:34:36 IST" duration-ms="2419" status="PASS">
          <reporter-output>
          </reporter-output>
        </test-method> <!-- TestCase1 -->
        <test-method is-config="true" signature="Close()[pri:0, instance:Tests.LoginTest@62ddbd7e]" started-at="2025-12-09T15:34:36 IST" name="Close" finished-at="2025-12-09T15:34:37 IST" duration-ms="1107" status="PASS">
          <reporter-output>
          </reporter-output>
        </test-method> <!-- Close -->
      </class> <!-- Tests.LoginTest -->
    </test> <!-- LoginTest -->
  </suite> <!-- AutomationSuite -->
</testng-results>
