<?xml version="1.0" encoding="UTF-8"?>
<!-- Generated by org.testng.reporters.JUnitXMLReporter -->
<testsuite ignored="1" hostname="NiT332-Vishal" failures="1" tests="2" name="Test" time="14.858" errors="0" timestamp="2025-11-24T15:39:03 IST">
  <testcase classname="Tests.LoginTest" name="TestCases" time="7.61"/>
  <testcase classname="Tests.ProductTest" name="ProTest" time="0.003">
    <failure type="java.lang.NullPointerException" message="Cannot invoke &amp;quot;Pages.ProductsPage.Product()&amp;quot; because &amp;quot;this.Pg&amp;quot; is null">
      <![CDATA[java.lang.NullPointerException: Cannot invoke "Pages.ProductsPage.Product()" because "this.Pg" is null
at Tests.ProductTest.ProTest(ProductTest.java:13)
at java.base/java.util.ArrayList.forEach(ArrayList.java:1596)
at java.base/java.util.concurrent.FutureTask.run(FutureTask.java:317)
at java.base/java.util.concurrent.ThreadPoolExecutor.runWorker(ThreadPoolExecutor.java:1144)
at java.base/java.util.concurrent.ThreadPoolExecutor$Worker.run(ThreadPoolExecutor.java:642)
at java.base/java.lang.Thread.run(Thread.java:1583)
... Removed 15 stack frames]]>
    </failure>
  </testcase> <!-- ProTest -->
  <testcase classname="Base.BaseClass" name="@BeforeTest setup" time="0.0">
    <ignored/>
  </testcase> <!-- @BeforeTest setup -->
</testsuite> <!-- Test -->
