<?xml version="1.0" encoding="UTF-8"?>
<testng-results ignored="0" total="1" passed="1" failed="0" skipped="0">
  <reporter-output>
  </reporter-output>
  <suite started-at="2025-11-20T18:35:03 IST" name="Default suite" finished-at="2025-11-20T18:35:13 IST" duration-ms="9514">
    <groups>
    </groups>
    <test started-at="2025-11-20T18:35:03 IST" name="Default test" finished-at="2025-11-20T18:35:13 IST" duration-ms="9514">
      <class name="Tests.LoginTest">
        <test-method is-config="true" signature="setup(java.lang.String)[pri:0, instance:Tests.LoginTest@20d525]" started-at="2025-11-20T18:35:03 IST" name="setup" finished-at="2025-11-20T18:35:07 IST" duration-ms="4233" status="PASS">
          <params>
            <param index="0">
              <value>
                <![CDATA[chrome]]>
              </value>
            </param>
          </params>
          <reporter-output>
          </reporter-output>
        </test-method> <!-- setup -->
        <test-method signature="TestCases()[pri:0, instance:Tests.LoginTest@20d525]" started-at="2025-11-20T18:35:07 IST" name="TestCases" finished-at="2025-11-20T18:35:13 IST" duration-ms="5078" status="PASS">
          <reporter-output>
          </reporter-output>
        </test-method> <!-- TestCases -->
        <test-method is-config="true" signature="close()[pri:0, instance:Tests.LoginTest@20d525]" started-at="2025-11-20T18:35:13 IST" name="close" finished-at="2025-11-20T18:35:13 IST" duration-ms="167" status="PASS">
          <reporter-output>
          </reporter-output>
        </test-method> <!-- close -->
      </class> <!-- Tests.LoginTest -->
    </test> <!-- Default test -->
  </suite> <!-- Default suite -->
</testng-results>
